<?xml version='1.0' encoding='UTF-8'?>
<testsuite tests="2" name="ApplicationTest" hostname="vyk.com" failures="0" time="0.0060" errors="0">
                     <properties>
[...]
</properties>
                     <testcase name="ApplicationTest.simpleCheck" time="0.0" classname="ApplicationTest">
                                                 
                                               </testcase><testcase name="ApplicationTest.renderTemplate" time="0.0" classname="ApplicationTest">
                                                 
                                               </testcase>
                     <system-out></system-out>
                     <system-err></system-err>
                   </testsuite>